<?xml version="1.0" encoding="UTF-8"?>
<!-- Generated by org.testng.reporters.JUnitReportReporter -->
<testsuite hostname="A125129" failures="0" tests="1" name="NewTest" time="12.342" errors="0" timestamp="2021-12-31T13:56:05 EET" skipped="0">
  <testcase classname="NewTest" name="test" time="12.342"/>
  <system-out/>
</testsuite> <!-- NewTest -->
